Using pre-set license
Built from '2022.3/staging' branch; Version is '2022.3.21f1 (bf09ca542b87) revision 12519882'; Using compiler version '192829333'; Build Type 'Release'
OS: 'Windows 11  (10.0.22631) 64bit Professional' Language: 'ko' Physical Memory: 23932 MB
BatchMode: 1, IsHumanControllingUs: 0, StartBugReporterOnCrash: 0, Is64bit: 1, IsPro: 1

COMMAND LINE ARGUMENTS:
D:\UnityEditer\Unity 2022.3.21f1\Editor\Unity.exe
-adb2
-batchMode
-noUpm
-name
AssetImportWorker2
-projectPath
D:/Fork/Unity/OnlineGameProgramming/OnlineGameProgramming
-logFile
Logs/AssetImportWorker2.log
-srvPort
60512
Successfully changed project path to: D:/Fork/Unity/OnlineGameProgramming/OnlineGameProgramming
D:/Fork/Unity/OnlineGameProgramming/OnlineGameProgramming
[UnityMemory] Configuration Parameters - Can be set up in boot.config
    "memorysetup-bucket-allocator-granularity=16"
    "memorysetup-bucket-allocator-bucket-count=8"
    "memorysetup-bucket-allocator-block-size=33554432"
    "memorysetup-bucket-allocator-block-count=8"
    "memorysetup-main-allocator-block-size=16777216"
    "memorysetup-thread-allocator-block-size=16777216"
    "memorysetup-gfx-main-allocator-block-size=16777216"
    "memorysetup-gfx-thread-allocator-block-size=16777216"
    "memorysetup-cache-allocator-block-size=4194304"
    "memorysetup-typetree-allocator-block-size=2097152"
    "memorysetup-profiler-bucket-allocator-granularity=16"
    "memorysetup-profiler-bucket-allocator-bucket-count=8"
    "memorysetup-profiler-bucket-allocator-block-size=33554432"
    "memorysetup-profiler-bucket-allocator-block-count=8"
    "memorysetup-profiler-allocator-block-size=16777216"
    "memorysetup-profiler-editor-allocator-block-size=1048576"
    "memorysetup-temp-allocator-size-main=16777216"
    "memorysetup-job-temp-allocator-block-size=2097152"
    "memorysetup-job-temp-allocator-block-size-background=1048576"
    "memorysetup-job-temp-allocator-reduction-small-platforms=262144"
    "memorysetup-allocator-temp-initial-block-size-main=262144"
    "memorysetup-allocator-temp-initial-block-size-worker=262144"
    "memorysetup-temp-allocator-size-background-worker=32768"
    "memorysetup-temp-allocator-size-job-worker=262144"
    "memorysetup-temp-allocator-size-preload-manager=33554432"
    "memorysetup-temp-allocator-size-nav-mesh-worker=65536"
    "memorysetup-temp-allocator-size-audio-worker=65536"
    "memorysetup-temp-allocator-size-cloud-worker=32768"
    "memorysetup-temp-allocator-size-gi-baking-worker=262144"
    "memorysetup-temp-allocator-size-gfx=262144"
Player connection [484] Host "[IP] 172.16.0.152 [Port] 0 [Flags] 2 [Guid] 295333909 [EditorId] 295333909 [Version] 1048832 [Id] WindowsEditor(7,MLaptop) [Debug] 1 [PackageName] WindowsEditor [ProjectName] Editor" joined multi-casting on [225.0.0.222:54997]...

Player connection [484] Host "[IP] 172.16.0.152 [Port] 0 [Flags] 2 [Guid] 295333909 [EditorId] 295333909 [Version] 1048832 [Id] WindowsEditor(7,MLaptop) [Debug] 1 [PackageName] WindowsEditor [ProjectName] Editor" joined alternative multi-casting on [225.0.0.222:34997]...

[Physics::Module] Initialized MultithreadedJobDispatcher with 21 workers.
Refreshing native plugins compatible for Editor in 4.99 ms, found 3 plugins.
Preloading 0 native plugins for Editor in 0.00 ms.
Initialize engine version: 2022.3.21f1 (bf09ca542b87)
[Subsystems] Discovering subsystems at path D:/UnityEditer/Unity 2022.3.21f1/Editor/Data/Resources/UnitySubsystems
[Subsystems] Discovering subsystems at path D:/Fork/Unity/OnlineGameProgramming/OnlineGameProgramming/Assets
GfxDevice: creating device client; threaded=0; jobified=0
Direct3D:
    Version:  Direct3D 11.0 [level 11.1]
    Renderer: NVIDIA GeForce RTX 4060 Laptop GPU (ID=0x28a0)
    Vendor:   NVIDIA
    VRAM:     7957 MB
    Driver:   32.0.15.5599
Initialize mono
Mono path[0] = 'D:/UnityEditer/Unity 2022.3.21f1/Editor/Data/Managed'
Mono path[1] = 'D:/UnityEditer/Unity 2022.3.21f1/Editor/Data/MonoBleedingEdge/lib/mono/unityjit-win32'
Mono config path = 'D:/UnityEditer/Unity 2022.3.21f1/Editor/Data/MonoBleedingEdge/etc'
Using monoOptions --debugger-agent=transport=dt_socket,embedding=1,server=y,suspend=n,address=127.0.0.1:56112
Begin MonoManager ReloadAssembly
Registering precompiled unity dll's ...
Register platform support module: D:/UnityEditer/Unity 2022.3.21f1/Editor/Data/PlaybackEngines/WindowsStandaloneSupport/UnityEditor.WindowsStandalone.Extensions.dll
Registered in 0.001914 seconds.
- Loaded All Assemblies, in  0.291 seconds
Native extension for WindowsStandalone target not found
Mono: successfully reloaded assembly
- Finished resetting the current domain, in  0.260 seconds
Domain Reload Profiling: 550ms
	BeginReloadAssembly (94ms)
		ExecutionOrderSort (0ms)
		DisableScriptedObjects (0ms)
		BackupInstance (0ms)
		ReleaseScriptingObjects (0ms)
		CreateAndSetChildDomain (1ms)
	RebuildCommonClasses (29ms)
	RebuildNativeTypeToScriptingClass (10ms)
	initialDomainReloadingComplete (41ms)
	LoadAllAssembliesAndSetupDomain (117ms)
		LoadAssemblies (93ms)
		RebuildTransferFunctionScriptingTraits (0ms)
		AnalyzeDomain (115ms)
			TypeCache.Refresh (114ms)
				TypeCache.ScanAssembly (104ms)
			ScanForSourceGeneratedMonoScriptInfo (0ms)
			ResolveRequiredComponents (0ms)
	FinalizeReload (260ms)
		ReleaseScriptCaches (0ms)
		RebuildScriptCaches (0ms)
		SetupLoadedEditorAssemblies (201ms)
			LogAssemblyErrors (0ms)
			InitializePlatformSupportModulesInManaged (8ms)
			SetLoadedEditorAssemblies (8ms)
			RefreshPlugins (0ms)
			BeforeProcessingInitializeOnLoad (2ms)
			ProcessInitializeOnLoadAttributes (138ms)
			ProcessInitializeOnLoadMethodAttributes (44ms)
			AfterProcessingInitializeOnLoad (0ms)
			EditorAssembliesLoaded (0ms)
		ExecutionOrderSort2 (0ms)
		AwakeInstancesAfterBackupRestoration (0ms)
========================================================================
Worker process is ready to serve import requests
Begin MonoManager ReloadAssembly
- Loaded All Assemblies, in  0.689 seconds
Refreshing native plugins compatible for Editor in 3.54 ms, found 3 plugins.
Native extension for WindowsStandalone target not found
Package Manager log level set to [2]
[Package Manager] Server::EnsureServerProcessIsRunning -- launch failed, reason: Unity was launched with the -noUpm command-line argument
[Package Manager] UpmClient::Send -- Unable to send message (not connected to UPM process).
[Package Manager] Cannot connect to Unity Package Manager local server
Mono: successfully reloaded assembly
- Finished resetting the current domain, in  2.128 seconds
Domain Reload Profiling: 2817ms
	BeginReloadAssembly (129ms)
		ExecutionOrderSort (0ms)
		DisableScriptedObjects (6ms)
		BackupInstance (0ms)
		ReleaseScriptingObjects (0ms)
		CreateAndSetChildDomain (20ms)
	RebuildCommonClasses (27ms)
	RebuildNativeTypeToScriptingClass (9ms)
	initialDomainReloadingComplete (30ms)
	LoadAllAssembliesAndSetupDomain (494ms)
		LoadAssemblies (364ms)
		RebuildTransferFunctionScriptingTraits (0ms)
		AnalyzeDomain (203ms)
			TypeCache.Refresh (167ms)
				TypeCache.ScanAssembly (153ms)
			ScanForSourceGeneratedMonoScriptInfo (23ms)
			ResolveRequiredComponents (11ms)
	FinalizeReload (2129ms)
		ReleaseScriptCaches (0ms)
		RebuildScriptCaches (0ms)
		SetupLoadedEditorAssemblies (1308ms)
			LogAssemblyErrors (0ms)
			InitializePlatformSupportModulesInManaged (8ms)
			SetLoadedEditorAssemblies (7ms)
			RefreshPlugins (0ms)
			BeforeProcessingInitializeOnLoad (379ms)
			ProcessInitializeOnLoadAttributes (842ms)
			ProcessInitializeOnLoadMethodAttributes (70ms)
			AfterProcessingInitializeOnLoad (2ms)
			EditorAssembliesLoaded (0ms)
		ExecutionOrderSort2 (0ms)
		AwakeInstancesAfterBackupRestoration (7ms)
Launched and connected shader compiler UnityShaderCompiler.exe after 0.28 seconds
Refreshing native plugins compatible for Editor in 1.82 ms, found 3 plugins.
Preloading 0 native plugins for Editor in 0.00 ms.
Unloading 5003 Unused Serialized files (Serialized files now loaded: 0)
Unloading 65 unused Assets / (350.6 KB). Loaded Objects now: 5462.
Memory consumption went from 207.9 MB to 207.6 MB.
Total: 5.474300 ms (FindLiveObjects: 0.370200 ms CreateObjectMapping: 0.116800 ms MarkObjects: 4.582600 ms  DeleteObjects: 0.402900 ms)

AssetImportParameters requested are different than current active one (requested -> active):
  custom:container-demuxer-ogg: 62fdf1f143b41e24485cea50d1cbac27 -> 
  custom:video-codec-MediaFoundation-h265: 746d11721c4dcdbdad8f713fa42b33f4 -> 
  custom:video-decoder-ogg-theora: a1e56fd34408186e4bbccfd4996cb3dc -> 
  custom:framework-win-MediaFoundation: 216162199b28c13a410421893ffa2e32 -> 
  custom:CustomObjectIndexerAttribute: 72b91833f83ae208fae7752999fa3104 -> 
  custom:container-demuxer-webm: 4f35f7cbe854078d1ac9338744f61a02 -> 
  custom:container-muxer-webm: aa71ff27fc2769a1b78a27578f13a17b -> 
  custom:video-decoder-webm-vp8: 9c59270c3fd7afecdb556c50c9e8de78 -> 
  custom:SearchIndexIgnoredProperties: e643bd26f0fe6173181afceb89e7c659 -> 
  custom:AudioImporter_EditorPlatform: d09bf68614088b80899f8185d706f6e7 -> 
  custom:video-encoder-webm-vp8: eb34c28f22e8b96e1ab97ce403110664 -> 
  custom:audio-decoder-ogg-vorbis: bf7c407c2cedff20999df2af8eb42d56 -> 
  custom:audio-encoder-webm-vorbis: bf7c407c2cedff20999df2af8eb42d56 -> 
========================================================================
Received Import Request.
  Time since last request: 352727.592898 seconds.
  path: Assets/Asset/LowPolyFPSLite/LowPolyFPSLite_2021.3.0_HDRP_v1.0.unitypackage
  artifactKey: Guid(794ee5cb61c74864fa0ba7639fed2e73) Importer(815301076,1909f56bfc062723c751e8b465ee728b)
Start importing Assets/Asset/LowPolyFPSLite/LowPolyFPSLite_2021.3.0_HDRP_v1.0.unitypackage using Guid(794ee5cb61c74864fa0ba7639fed2e73) Importer(815301076,1909f56bfc062723c751e8b465ee728b)  -> (artifact id: 'f237ef57c4a2dc7bf9abc52d62755799') in 0.043194 seconds
Number of updated asset objects reloaded before import = 0
Number of asset objects unloaded after import = 1
========================================================================
Received Import Request.
  Time since last request: 0.644263 seconds.
  path: Assets/Asset/LowPolyFPSLite/LowPolyFPSLite_2021.3.0_URP_v1.0.unitypackage
  artifactKey: Guid(718863dcff53b784aa0ffc114381cdd7) Importer(815301076,1909f56bfc062723c751e8b465ee728b)
Start importing Assets/Asset/LowPolyFPSLite/LowPolyFPSLite_2021.3.0_URP_v1.0.unitypackage using Guid(718863dcff53b784aa0ffc114381cdd7) Importer(815301076,1909f56bfc062723c751e8b465ee728b)  -> (artifact id: 'e53ba2171fe1831c74e4c0390b48515d') in 0.001189 seconds
Number of updated asset objects reloaded before import = 0
Number of asset objects unloaded after import = 1
========================================================================
Received Import Request.
  Time since last request: 2.078860 seconds.
  path: Assets/Asset/LowPolyFPSLite/Prefabs
  artifactKey: Guid(c2caba8894c117541b4472d178e5ab1d) Importer(815301076,1909f56bfc062723c751e8b465ee728b)
Start importing Assets/Asset/LowPolyFPSLite/Prefabs using Guid(c2caba8894c117541b4472d178e5ab1d) Importer(815301076,1909f56bfc062723c751e8b465ee728b)  -> (artifact id: '7159171fdd0fe2d9ef777f9753947919') in 0.000414 seconds
Number of updated asset objects reloaded before import = 0
Number of asset objects unloaded after import = 0
========================================================================
Received Import Request.
  Time since last request: 0.708197 seconds.
  path: Assets/Asset/LowPolyFPSLite/Scenes
  artifactKey: Guid(6820b6361cdcb5140b106422cfefda03) Importer(815301076,1909f56bfc062723c751e8b465ee728b)
Start importing Assets/Asset/LowPolyFPSLite/Scenes using Guid(6820b6361cdcb5140b106422cfefda03) Importer(815301076,1909f56bfc062723c751e8b465ee728b)  -> (artifact id: '71603c449153f709e31c37d0c1ff57d9') in 0.000705 seconds
Number of updated asset objects reloaded before import = 0
Number of asset objects unloaded after import = 0
========================================================================
Received Import Request.
  Time since last request: 0.710385 seconds.
  path: Assets/Asset/LowPolyFPSLite/Scenes/LowPolyFPS_Lite_Demo.unity
  artifactKey: Guid(130de191e9bf7de41a659f68e5741ed0) Importer(815301076,1909f56bfc062723c751e8b465ee728b)
Start importing Assets/Asset/LowPolyFPSLite/Scenes/LowPolyFPS_Lite_Demo.unity using Guid(130de191e9bf7de41a659f68e5741ed0) Importer(815301076,1909f56bfc062723c751e8b465ee728b)  -> (artifact id: '8c72137d07730a73ad0eccb331a214e2') in 0.000429 seconds
Number of updated asset objects reloaded before import = 0
Number of asset objects unloaded after import = 0
========================================================================
Received Import Request.
  Time since last request: 0.604281 seconds.
  path: Assets/Asset/LowPolyFPSLite/Scenes/LowPolyFPS_Lite_Overview.unity
  artifactKey: Guid(3063d51db209e0e4e88383831cc7f16c) Importer(815301076,1909f56bfc062723c751e8b465ee728b)
Start importing Assets/Asset/LowPolyFPSLite/Scenes/LowPolyFPS_Lite_Overview.unity using Guid(3063d51db209e0e4e88383831cc7f16c) Importer(815301076,1909f56bfc062723c751e8b465ee728b)  -> (artifact id: 'f357752bd58a48bc76c197994e4adabd') in 0.000436 seconds
Number of updated asset objects reloaded before import = 0
Number of asset objects unloaded after import = 0
========================================================================
Received Import Request.
  Time since last request: 46.726732 seconds.
  path: Assets/Asset/LowPolyFPSLite/Prefabs/Box_01.prefab
  artifactKey: Guid(ad36c3d044d312e44a986a07f2c7f0b2) Importer(815301076,1909f56bfc062723c751e8b465ee728b)
Start importing Assets/Asset/LowPolyFPSLite/Prefabs/Box_01.prefab using Guid(ad36c3d044d312e44a986a07f2c7f0b2) Importer(815301076,1909f56bfc062723c751e8b465ee728b)  -> (artifact id: '5399e749aeb5417ca36ae91446a512bf') in 0.669731 seconds
Number of updated asset objects reloaded before import = 0
Number of asset objects unloaded after import = 12
========================================================================
Received Import Request.
  Time since last request: 0.000037 seconds.
  path: Assets/Asset/LowPolyFPSLite/Prefabs/Jug_02.prefab
  artifactKey: Guid(db39c55cba61f5f4886de5e25b22fac6) Importer(815301076,1909f56bfc062723c751e8b465ee728b)
Start importing Assets/Asset/LowPolyFPSLite/Prefabs/Jug_02.prefab using Guid(db39c55cba61f5f4886de5e25b22fac6) Importer(815301076,1909f56bfc062723c751e8b465ee728b)  -> (artifact id: 'ed17d5823ca37b3dc7666fb671d082eb') in 0.181891 seconds
Number of updated asset objects reloaded before import = 0
Number of asset objects unloaded after import = 11
========================================================================
Received Import Request.
  Time since last request: 0.000049 seconds.
  path: Assets/Asset/LowPolyFPSLite/Prefabs/Wall_01.prefab
  artifactKey: Guid(af11b45e3d568f946be2cdb52ca3f1c0) Importer(815301076,1909f56bfc062723c751e8b465ee728b)
Start importing Assets/Asset/LowPolyFPSLite/Prefabs/Wall_01.prefab using Guid(af11b45e3d568f946be2cdb52ca3f1c0) Importer(815301076,1909f56bfc062723c751e8b465ee728b)  -> (artifact id: 'a45f5bcd205a3df7b4f8f3505d0bcff6') in 0.051359 seconds
Number of updated asset objects reloaded before import = 0
Number of asset objects unloaded after import = 11
========================================================================
Received Import Request.
  Time since last request: 0.000111 seconds.
  path: Assets/Asset/LowPolyFPSLite/Prefabs/Stairs_01.prefab
  artifactKey: Guid(e059938ac4b575643a3345b530869d15) Importer(815301076,1909f56bfc062723c751e8b465ee728b)
Start importing Assets/Asset/LowPolyFPSLite/Prefabs/Stairs_01.prefab using Guid(e059938ac4b575643a3345b530869d15) Importer(815301076,1909f56bfc062723c751e8b465ee728b)  -> (artifact id: '3e6c3ae0fe7e63eb90263233d5c84e1b') in 0.057446 seconds
Number of updated asset objects reloaded before import = 0
Number of asset objects unloaded after import = 11
========================================================================
Received Import Request.
  Time since last request: 0.000039 seconds.
  path: Assets/Asset/LowPolyFPSLite/Prefabs/Wall_03.prefab
  artifactKey: Guid(c5c251c4f6ea3694285b311cea75f2a2) Importer(815301076,1909f56bfc062723c751e8b465ee728b)
Start importing Assets/Asset/LowPolyFPSLite/Prefabs/Wall_03.prefab using Guid(c5c251c4f6ea3694285b311cea75f2a2) Importer(815301076,1909f56bfc062723c751e8b465ee728b)  -> (artifact id: '8283ce4582c535b42d46f3141c733ada') in 0.053863 seconds
Number of updated asset objects reloaded before import = 0
Number of asset objects unloaded after import = 11
========================================================================
Received Import Request.
  Time since last request: 0.000437 seconds.
  path: Assets/Asset/LowPolyFPSLite/Prefabs/Wall_02.prefab
  artifactKey: Guid(06e40c0b4555acb4eadd88bfaeffe3e9) Importer(815301076,1909f56bfc062723c751e8b465ee728b)
Start importing Assets/Asset/LowPolyFPSLite/Prefabs/Wall_02.prefab using Guid(06e40c0b4555acb4eadd88bfaeffe3e9) Importer(815301076,1909f56bfc062723c751e8b465ee728b)  -> (artifact id: '4031172473155cc7ecea74c136f832bf') in 0.058808 seconds
Number of updated asset objects reloaded before import = 0
Number of asset objects unloaded after import = 11
========================================================================
Received Import Request.
  Time since last request: 0.696036 seconds.
  path: Assets/Asset/LowPolyFPSLite/Prefabs/Wall_04.prefab
  artifactKey: Guid(12786b453b3a7cc4a815f43857ab7460) Importer(815301076,1909f56bfc062723c751e8b465ee728b)
Start importing Assets/Asset/LowPolyFPSLite/Prefabs/Wall_04.prefab using Guid(12786b453b3a7cc4a815f43857ab7460) Importer(815301076,1909f56bfc062723c751e8b465ee728b)  -> (artifact id: 'e212d90673a52f92e05f8fb89a9db661') in 0.027370 seconds
Number of updated asset objects reloaded before import = 0
Number of asset objects unloaded after import = 36
========================================================================
Received Import Request.
  Time since last request: 0.252894 seconds.
  path: Assets/Asset/LowPolyFPSLite/Prefabs/Wall_05.prefab
  artifactKey: Guid(bb81a67ad1cf2984784527d333cae7d2) Importer(815301076,1909f56bfc062723c751e8b465ee728b)
Start importing Assets/Asset/LowPolyFPSLite/Prefabs/Wall_05.prefab using Guid(bb81a67ad1cf2984784527d333cae7d2) Importer(815301076,1909f56bfc062723c751e8b465ee728b)  -> (artifact id: '826ee0feccb6ef05ed9e83ef7d5f3030') in 0.047298 seconds
Number of updated asset objects reloaded before import = 0
Number of asset objects unloaded after import = 30
========================================================================
Received Import Request.
  Time since last request: 0.000582 seconds.
  path: Assets/Asset/LowPolyFPSLite/Prefabs/WallPart_01.prefab
  artifactKey: Guid(30c819560420f824da028f3502f83728) Importer(815301076,1909f56bfc062723c751e8b465ee728b)
Start importing Assets/Asset/LowPolyFPSLite/Prefabs/WallPart_01.prefab using Guid(30c819560420f824da028f3502f83728) Importer(815301076,1909f56bfc062723c751e8b465ee728b)  -> (artifact id: 'a044df18ec1a109c4e4e262da18870f4') in 0.042582 seconds
Number of updated asset objects reloaded before import = 0
Number of asset objects unloaded after import = 11
========================================================================
Received Import Request.
  Time since last request: 0.230871 seconds.
  path: Assets/Asset/LowPolyFPSLite/Prefabs/WoodPlank_01.prefab
  artifactKey: Guid(8ec4006999a806c4291e661db75cac17) Importer(815301076,1909f56bfc062723c751e8b465ee728b)
Start importing Assets/Asset/LowPolyFPSLite/Prefabs/WoodPlank_01.prefab using Guid(8ec4006999a806c4291e661db75cac17) Importer(815301076,1909f56bfc062723c751e8b465ee728b)  -> (artifact id: 'a78c93d034da9a316bec6ff8625eefed') in 0.053641 seconds
Number of updated asset objects reloaded before import = 0
Number of asset objects unloaded after import = 11
========================================================================
Received Import Request.
  Time since last request: 0.058905 seconds.
  path: Assets/Asset/LowPolyFPSLite/Prefabs/WoodPlank_02.prefab
  artifactKey: Guid(3d4998389175ab44ea4d4fc6a1c102cd) Importer(815301076,1909f56bfc062723c751e8b465ee728b)
Start importing Assets/Asset/LowPolyFPSLite/Prefabs/WoodPlank_02.prefab using Guid(3d4998389175ab44ea4d4fc6a1c102cd) Importer(815301076,1909f56bfc062723c751e8b465ee728b)  -> (artifact id: 'a4a21c0db1b8943c8a31439e750b0b86') in 0.034661 seconds
Number of updated asset objects reloaded before import = 0
Number of asset objects unloaded after import = 11
========================================================================
Received Import Request.
  Time since last request: 0.270159 seconds.
  path: Assets/Asset/LowPolyFPSLite/Prefabs/WoodPlank_03.prefab
  artifactKey: Guid(a5eb9200176bece4791f121120fced60) Importer(815301076,1909f56bfc062723c751e8b465ee728b)
Start importing Assets/Asset/LowPolyFPSLite/Prefabs/WoodPlank_03.prefab using Guid(a5eb9200176bece4791f121120fced60) Importer(815301076,1909f56bfc062723c751e8b465ee728b)  -> (artifact id: 'd307b78dc5bed7d7216ad1ed839b3d2b') in 0.057595 seconds
Number of updated asset objects reloaded before import = 0
Number of asset objects unloaded after import = 11
========================================================================
Received Import Request.
  Time since last request: 2.250289 seconds.
  path: Assets/Asset/LowPolyFPSLite/Models/Wall_01.fbx
  artifactKey: Guid(ebba13c26b2bde34c8bfc04ec541a2ee) Importer(815301076,1909f56bfc062723c751e8b465ee728b)
Start importing Assets/Asset/LowPolyFPSLite/Models/Wall_01.fbx using Guid(ebba13c26b2bde34c8bfc04ec541a2ee) Importer(815301076,1909f56bfc062723c751e8b465ee728b)  -> (artifact id: 'de570bfc8005ccce97b83b795d076894') in 0.107622 seconds
Number of updated asset objects reloaded before import = 0
Number of asset objects unloaded after import = 8
========================================================================
Received Import Request.
  Time since last request: 0.000033 seconds.
  path: Assets/Asset/LowPolyFPSLite/Models/Wall_03.fbx
  artifactKey: Guid(a54bb0fbf93b09440a77975415674e2a) Importer(815301076,1909f56bfc062723c751e8b465ee728b)
Start importing Assets/Asset/LowPolyFPSLite/Models/Wall_03.fbx using Guid(a54bb0fbf93b09440a77975415674e2a) Importer(815301076,1909f56bfc062723c751e8b465ee728b)  -> (artifact id: '673b21975724b5689cf3120b7492674d') in 0.063139 seconds
Number of updated asset objects reloaded before import = 0
Number of asset objects unloaded after import = 8
========================================================================
Received Import Request.
  Time since last request: 0.000052 seconds.
  path: Assets/Asset/LowPolyFPSLite/Models/WoodPlank_01.fbx
  artifactKey: Guid(d2fe27ef7bd8aa942b87f1e38ebb7311) Importer(815301076,1909f56bfc062723c751e8b465ee728b)
Start importing Assets/Asset/LowPolyFPSLite/Models/WoodPlank_01.fbx using Guid(d2fe27ef7bd8aa942b87f1e38ebb7311) Importer(815301076,1909f56bfc062723c751e8b465ee728b)  -> (artifact id: 'a16b47cac4b963f199f427d683e58457') in 0.042222 seconds
Number of updated asset objects reloaded before import = 0
Number of asset objects unloaded after import = 8
========================================================================
Received Import Request.
  Time since last request: 0.000036 seconds.
  path: Assets/Asset/LowPolyFPSLite/Models/WoodPlank_03.fbx
  artifactKey: Guid(a5aed2168a6a1164d81628e51595bf38) Importer(815301076,1909f56bfc062723c751e8b465ee728b)
Start importing Assets/Asset/LowPolyFPSLite/Models/WoodPlank_03.fbx using Guid(a5aed2168a6a1164d81628e51595bf38) Importer(815301076,1909f56bfc062723c751e8b465ee728b)  -> (artifact id: 'e013b8b7ac8c39bde2c3061c71ad0134') in 0.038178 seconds
Number of updated asset objects reloaded before import = 0
Number of asset objects unloaded after import = 8
========================================================================
Received Import Request.
  Time since last request: 0.507915 seconds.
  path: Assets/Asset/LowPolyFPSLite/Models/Stairs_01.fbx
  artifactKey: Guid(5412998123e133b4da183e46471b4069) Importer(815301076,1909f56bfc062723c751e8b465ee728b)
Start importing Assets/Asset/LowPolyFPSLite/Models/Stairs_01.fbx using Guid(5412998123e133b4da183e46471b4069) Importer(815301076,1909f56bfc062723c751e8b465ee728b)  -> (artifact id: '29519123ffa676bca368ea854ea8d44b') in 0.048003 seconds
Number of updated asset objects reloaded before import = 0
Number of asset objects unloaded after import = 8
========================================================================
Received Import Request.
  Time since last request: 0.000725 seconds.
  path: Assets/Asset/LowPolyFPSLite/Models/Jug_01.fbx
  artifactKey: Guid(346ea8ab0a1c21c4e95694bac3863161) Importer(815301076,1909f56bfc062723c751e8b465ee728b)
Start importing Assets/Asset/LowPolyFPSLite/Models/Jug_01.fbx using Guid(346ea8ab0a1c21c4e95694bac3863161) Importer(815301076,1909f56bfc062723c751e8b465ee728b)  -> (artifact id: '50764d2ff36717297b685430ab469fa0') in 0.047673 seconds
Number of updated asset objects reloaded before import = 0
Number of asset objects unloaded after import = 8
========================================================================
Received Import Request.
  Time since last request: 0.207309 seconds.
  path: Assets/Asset/LowPolyFPSLite/Models/Box_01.fbx
  artifactKey: Guid(54b42edcaad42ae47a7bb0aed0c47e98) Importer(815301076,1909f56bfc062723c751e8b465ee728b)
Start importing Assets/Asset/LowPolyFPSLite/Models/Box_01.fbx using Guid(54b42edcaad42ae47a7bb0aed0c47e98) Importer(815301076,1909f56bfc062723c751e8b465ee728b)  -> (artifact id: '01e6f713b6f8696f4f29e5cbd476fec2') in 0.042718 seconds
Number of updated asset objects reloaded before import = 0
Number of asset objects unloaded after import = 8
========================================================================
Received Import Request.
  Time since last request: 1.956212 seconds.
  path: Assets/Asset/LowPolyFPSLite/Materials/LowPolyFPSLite_BG.mat
  artifactKey: Guid(5cb6d29d223bf9240a63d960c41cab6c) Importer(815301076,1909f56bfc062723c751e8b465ee728b)
Start importing Assets/Asset/LowPolyFPSLite/Materials/LowPolyFPSLite_BG.mat using Guid(5cb6d29d223bf9240a63d960c41cab6c) Importer(815301076,1909f56bfc062723c751e8b465ee728b)  -> (artifact id: 'c5fa872393c8c875822eea6112972e8b') in 0.040804 seconds
Number of updated asset objects reloaded before import = 0
Number of asset objects unloaded after import = 2
========================================================================
Received Import Request.
  Time since last request: 0.000037 seconds.
  path: Assets/Asset/LowPolyFPSLite/Materials/LowPolyFPSLite_MAIN.mat
  artifactKey: Guid(6c2a7a3006db1df48b06fed4222a5f52) Importer(815301076,1909f56bfc062723c751e8b465ee728b)
Start importing Assets/Asset/LowPolyFPSLite/Materials/LowPolyFPSLite_MAIN.mat using Guid(6c2a7a3006db1df48b06fed4222a5f52) Importer(815301076,1909f56bfc062723c751e8b465ee728b)  -> (artifact id: 'efb0e9d941ef2f5305ed01107ee9c90f') in 0.036196 seconds
Number of updated asset objects reloaded before import = 0
Number of asset objects unloaded after import = 3
========================================================================
Received Import Request.
  Time since last request: 1.465574 seconds.
  path: Assets/Asset/LowPolyFPSLite/Textures/LowPolyFPSLite_Texture_01.png
  artifactKey: Guid(843b24fbcef09cf4d945d84fcc2b55c9) Importer(815301076,1909f56bfc062723c751e8b465ee728b)
Start importing Assets/Asset/LowPolyFPSLite/Textures/LowPolyFPSLite_Texture_01.png using Guid(843b24fbcef09cf4d945d84fcc2b55c9) Importer(815301076,1909f56bfc062723c751e8b465ee728b)  -> (artifact id: '0fdd23a4fda61e334185c6d1e675f86b') in 0.052488 seconds
Number of updated asset objects reloaded before import = 0
Number of asset objects unloaded after import = 2
