Using pre-set license
Built from '2022.3/staging' branch; Version is '2022.3.21f1 (bf09ca542b87) revision 12519882'; Using compiler version '192829333'; Build Type 'Release'
OS: 'Windows 11  (10.0.22631) 64bit Professional' Language: 'ko' Physical Memory: 32577 MB
BatchMode: 1, IsHumanControllingUs: 0, StartBugReporterOnCrash: 0, Is64bit: 1, IsPro: 1

COMMAND LINE ARGUMENTS:
C:\Program Files\Unity\Hub\Editor\2022.3.21f1\Editor\Unity.exe
-adb2
-batchMode
-noUpm
-name
AssetImportWorker11
-projectPath
D:/Unity/Unity_project/OnlineGameProgramming
-logFile
Logs/AssetImportWorker11.log
-srvPort
53297
Successfully changed project path to: D:/Unity/Unity_project/OnlineGameProgramming
D:/Unity/Unity_project/OnlineGameProgramming
[UnityMemory] Configuration Parameters - Can be set up in boot.config
    "memorysetup-bucket-allocator-granularity=16"
    "memorysetup-bucket-allocator-bucket-count=8"
    "memorysetup-bucket-allocator-block-size=33554432"
    "memorysetup-bucket-allocator-block-count=8"
    "memorysetup-main-allocator-block-size=16777216"
    "memorysetup-thread-allocator-block-size=16777216"
    "memorysetup-gfx-main-allocator-block-size=16777216"
    "memorysetup-gfx-thread-allocator-block-size=16777216"
    "memorysetup-cache-allocator-block-size=4194304"
    "memorysetup-typetree-allocator-block-size=2097152"
    "memorysetup-profiler-bucket-allocator-granularity=16"
    "memorysetup-profiler-bucket-allocator-bucket-count=8"
    "memorysetup-profiler-bucket-allocator-block-size=33554432"
    "memorysetup-profiler-bucket-allocator-block-count=8"
    "memorysetup-profiler-allocator-block-size=16777216"
    "memorysetup-profiler-editor-allocator-block-size=1048576"
    "memorysetup-temp-allocator-size-main=16777216"
    "memorysetup-job-temp-allocator-block-size=2097152"
    "memorysetup-job-temp-allocator-block-size-background=1048576"
    "memorysetup-job-temp-allocator-reduction-small-platforms=262144"
    "memorysetup-allocator-temp-initial-block-size-main=262144"
    "memorysetup-allocator-temp-initial-block-size-worker=262144"
    "memorysetup-temp-allocator-size-background-worker=32768"
    "memorysetup-temp-allocator-size-job-worker=262144"
    "memorysetup-temp-allocator-size-preload-manager=33554432"
    "memorysetup-temp-allocator-size-nav-mesh-worker=65536"
    "memorysetup-temp-allocator-size-audio-worker=65536"
    "memorysetup-temp-allocator-size-cloud-worker=32768"
    "memorysetup-temp-allocator-size-gi-baking-worker=262144"
    "memorysetup-temp-allocator-size-gfx=262144"
Player connection [44108] Host "[IP] 172.30.1.36 [Port] 0 [Flags] 2 [Guid] 1339464733 [EditorId] 1339464733 [Version] 1048832 [Id] WindowsEditor(7,DESKTOP-MDKBRF8) [Debug] 1 [PackageName] WindowsEditor [ProjectName] Editor" joined multi-casting on [225.0.0.222:54997]...

Player connection [44108] Host "[IP] 172.30.1.36 [Port] 0 [Flags] 2 [Guid] 1339464733 [EditorId] 1339464733 [Version] 1048832 [Id] WindowsEditor(7,DESKTOP-MDKBRF8) [Debug] 1 [PackageName] WindowsEditor [ProjectName] Editor" joined alternative multi-casting on [225.0.0.222:34997]...

[Physics::Module] Initialized MultithreadedJobDispatcher with 19 workers.
Refreshing native plugins compatible for Editor in 6.71 ms, found 3 plugins.
Preloading 0 native plugins for Editor in 0.00 ms.
Initialize engine version: 2022.3.21f1 (bf09ca542b87)
[Subsystems] Discovering subsystems at path C:/Program Files/Unity/Hub/Editor/2022.3.21f1/Editor/Data/Resources/UnitySubsystems
[Subsystems] Discovering subsystems at path D:/Unity/Unity_project/OnlineGameProgramming/Assets
GfxDevice: creating device client; threaded=0; jobified=0
Direct3D:
    Version:  Direct3D 11.0 [level 11.1]
    Renderer: NVIDIA GeForce RTX 3080 (ID=0x2216)
    Vendor:   NVIDIA
    VRAM:     10053 MB
    Driver:   32.0.15.5612
Initialize mono
Mono path[0] = 'C:/Program Files/Unity/Hub/Editor/2022.3.21f1/Editor/Data/Managed'
Mono path[1] = 'C:/Program Files/Unity/Hub/Editor/2022.3.21f1/Editor/Data/MonoBleedingEdge/lib/mono/unityjit-win32'
Mono config path = 'C:/Program Files/Unity/Hub/Editor/2022.3.21f1/Editor/Data/MonoBleedingEdge/etc'
Using monoOptions --debugger-agent=transport=dt_socket,embedding=1,server=y,suspend=n,address=127.0.0.1:56096
Begin MonoManager ReloadAssembly
Registering precompiled unity dll's ...
Register platform support module: C:/Program Files/Unity/Hub/Editor/2022.3.21f1/Editor/Data/PlaybackEngines/WindowsStandaloneSupport/UnityEditor.WindowsStandalone.Extensions.dll
Registered in 0.004333 seconds.
- Loaded All Assemblies, in  0.220 seconds
Native extension for WindowsStandalone target not found
Mono: successfully reloaded assembly
- Finished resetting the current domain, in  0.170 seconds
Domain Reload Profiling: 389ms
	BeginReloadAssembly (73ms)
		ExecutionOrderSort (0ms)
		DisableScriptedObjects (0ms)
		BackupInstance (0ms)
		ReleaseScriptingObjects (0ms)
		CreateAndSetChildDomain (0ms)
	RebuildCommonClasses (20ms)
	RebuildNativeTypeToScriptingClass (7ms)
	initialDomainReloadingComplete (37ms)
	LoadAllAssembliesAndSetupDomain (82ms)
		LoadAssemblies (71ms)
		RebuildTransferFunctionScriptingTraits (0ms)
		AnalyzeDomain (81ms)
			TypeCache.Refresh (80ms)
				TypeCache.ScanAssembly (72ms)
			ScanForSourceGeneratedMonoScriptInfo (0ms)
			ResolveRequiredComponents (0ms)
	FinalizeReload (170ms)
		ReleaseScriptCaches (0ms)
		RebuildScriptCaches (0ms)
		SetupLoadedEditorAssemblies (130ms)
			LogAssemblyErrors (0ms)
			InitializePlatformSupportModulesInManaged (6ms)
			SetLoadedEditorAssemblies (5ms)
			RefreshPlugins (0ms)
			BeforeProcessingInitializeOnLoad (2ms)
			ProcessInitializeOnLoadAttributes (88ms)
			ProcessInitializeOnLoadMethodAttributes (29ms)
			AfterProcessingInitializeOnLoad (0ms)
			EditorAssembliesLoaded (0ms)
		ExecutionOrderSort2 (0ms)
		AwakeInstancesAfterBackupRestoration (0ms)
========================================================================
Worker process is ready to serve import requests
Begin MonoManager ReloadAssembly
- Loaded All Assemblies, in  0.469 seconds
Refreshing native plugins compatible for Editor in 1.52 ms, found 3 plugins.
Native extension for WindowsStandalone target not found
Package Manager log level set to [2]
[Package Manager] Server::EnsureServerProcessIsRunning -- launch failed, reason: Unity was launched with the -noUpm command-line argument
[Package Manager] UpmClient::Send -- Unable to send message (not connected to UPM process).
[Package Manager] Cannot connect to Unity Package Manager local server
Mono: successfully reloaded assembly
- Finished resetting the current domain, in  0.593 seconds
Domain Reload Profiling: 1060ms
	BeginReloadAssembly (99ms)
		ExecutionOrderSort (0ms)
		DisableScriptedObjects (3ms)
		BackupInstance (0ms)
		ReleaseScriptingObjects (0ms)
		CreateAndSetChildDomain (18ms)
	RebuildCommonClasses (21ms)
	RebuildNativeTypeToScriptingClass (6ms)
	initialDomainReloadingComplete (28ms)
	LoadAllAssembliesAndSetupDomain (314ms)
		LoadAssemblies (244ms)
		RebuildTransferFunctionScriptingTraits (0ms)
		AnalyzeDomain (125ms)
			TypeCache.Refresh (99ms)
				TypeCache.ScanAssembly (89ms)
			ScanForSourceGeneratedMonoScriptInfo (16ms)
			ResolveRequiredComponents (8ms)
	FinalizeReload (593ms)
		ReleaseScriptCaches (0ms)
		RebuildScriptCaches (0ms)
		SetupLoadedEditorAssemblies (459ms)
			LogAssemblyErrors (0ms)
			InitializePlatformSupportModulesInManaged (5ms)
			SetLoadedEditorAssemblies (4ms)
			RefreshPlugins (0ms)
			BeforeProcessingInitializeOnLoad (90ms)
			ProcessInitializeOnLoadAttributes (296ms)
			ProcessInitializeOnLoadMethodAttributes (58ms)
			AfterProcessingInitializeOnLoad (6ms)
			EditorAssembliesLoaded (0ms)
		ExecutionOrderSort2 (0ms)
		AwakeInstancesAfterBackupRestoration (5ms)
Launched and connected shader compiler UnityShaderCompiler.exe after 0.03 seconds
Refreshing native plugins compatible for Editor in 1.71 ms, found 3 plugins.
Preloading 0 native plugins for Editor in 0.00 ms.
Unloading 5003 Unused Serialized files (Serialized files now loaded: 0)
Unloading 65 unused Assets / (349.6 KB). Loaded Objects now: 5463.
Memory consumption went from 207.9 MB to 207.6 MB.
Total: 2.350200 ms (FindLiveObjects: 0.231600 ms CreateObjectMapping: 0.133600 ms MarkObjects: 1.857100 ms  DeleteObjects: 0.127200 ms)

AssetImportParameters requested are different than current active one (requested -> active):
  custom:container-demuxer-ogg: 62fdf1f143b41e24485cea50d1cbac27 -> 
  custom:scripting/monoscript/fileName/CollectableCounter.cs: 71dad851dc6e0235bda04ecd1998ee33 -> 711d9b311e6cb7a2d1d68dd7bdfc0a8e
  custom:video-decoder-ogg-theora: a1e56fd34408186e4bbccfd4996cb3dc -> 
  custom:framework-win-MediaFoundation: 216162199b28c13a410421893ffa2e32 -> 
  custom:scripting/monoscript/fileName/Interactable.cs: ca3ff7c5c3e1653ff5db9b60c3076509 -> 06c53b58a45e38be8ba70ff7a0bafdf4
  custom:CustomObjectIndexerAttribute: 72b91833f83ae208fae7752999fa3104 -> 
  custom:container-demuxer-webm: 4f35f7cbe854078d1ac9338744f61a02 -> 
  custom:scripting/monoscript/fileName/Cone.cs: bca77b9d9350516a711564e605e749cf -> afe737d0ce366050edf74cada397d666
  custom:scripting/monoscript/fileName/CollectableGem.cs: 8f62e1f554c5f11b8d1134759e052277 -> af869707b3c04c918b333d99b407b1dd
  custom:scripting/monoscript/fileName/Collectable.cs: 6f9acc3a78942650afe50362368687fd -> 6a6d5954f5faaedbf68170f8b53440ff
  custom:scripting/monoscript/fileName/Door.cs: 06c8567cd8937d8d56232f3de9b2d377 -> 89da75c00dd875a160d70ad71da9a2a1
  custom:container-muxer-webm: aa71ff27fc2769a1b78a27578f13a17b -> 
  custom:video-decoder-webm-vp8: 9c59270c3fd7afecdb556c50c9e8de78 -> 
  custom:scripting/monoscript/fileName/SUPERCharacterAIO.cs: e898f60e84913b2b3c4285c694c1cb5f -> 240445752b6589fa045851b112e275d1
  custom:SearchIndexIgnoredProperties: e643bd26f0fe6173181afceb89e7c659 -> 
  custom:AudioImporter_EditorPlatform: d09bf68614088b80899f8185d706f6e7 -> 
  custom:scripting/monoscript/fileName/ConeEditor.cs: cafd80ea787058a37086786c2065f313 -> 64d2726c5c2dc2d2160f9883563a78b0
  custom:video-encoder-webm-vp8: eb34c28f22e8b96e1ab97ce403110664 -> 
  custom:audio-decoder-ogg-vorbis: bf7c407c2cedff20999df2af8eb42d56 -> 
  custom:scripting/monoscript/fileName/MovingPlatform.cs: ef6b5699b1fda3892bb1b782ce7dad79 -> 46fbe3bb58f1f25a857df8d08a1e35df
  custom:audio-encoder-webm-vorbis: bf7c407c2cedff20999df2af8eb42d56 -> 
========================================================================
Received Import Request.
  Time since last request: 17597.779219 seconds.
  path: Assets/Asset/Versatile Studio Assets/Demo City By Versatile Studio/Models/basement_small.fbx
  artifactKey: Guid(a4e2ff6da4c024245b3cb43a957e260e) Importer(815301076,1909f56bfc062723c751e8b465ee728b)
Start importing Assets/Asset/Versatile Studio Assets/Demo City By Versatile Studio/Models/basement_small.fbx using Guid(a4e2ff6da4c024245b3cb43a957e260e) Importer(815301076,1909f56bfc062723c751e8b465ee728b)  -> (artifact id: 'e8d2c67ce4f8d45414e56897891596f4') in 0.272450 seconds
Number of updated asset objects reloaded before import = 0
Number of asset objects unloaded after import = 16
========================================================================
Received Import Request.
  Time since last request: 1.207901 seconds.
  path: Assets/Asset/Versatile Studio Assets/Demo City By Versatile Studio/Materials/asphalt_4_tracks.mat
  artifactKey: Guid(3216e81dc42407948a4889aa3c979c6a) Importer(815301076,1909f56bfc062723c751e8b465ee728b)
Start importing Assets/Asset/Versatile Studio Assets/Demo City By Versatile Studio/Materials/asphalt_4_tracks.mat using Guid(3216e81dc42407948a4889aa3c979c6a) Importer(815301076,1909f56bfc062723c751e8b465ee728b)  -> (artifact id: '744067fec823b9bad116cbde161e4fd0') in 0.028388 seconds
Number of updated asset objects reloaded before import = 0
Number of asset objects unloaded after import = 5
========================================================================
Received Import Request.
  Time since last request: 0.000033 seconds.
  path: Assets/Asset/Versatile Studio Assets/Demo City By Versatile Studio/Materials/highway_wall.mat
  artifactKey: Guid(d6de95fc1051f9e40a1c2b8cfada2c7c) Importer(815301076,1909f56bfc062723c751e8b465ee728b)
Start importing Assets/Asset/Versatile Studio Assets/Demo City By Versatile Studio/Materials/highway_wall.mat using Guid(d6de95fc1051f9e40a1c2b8cfada2c7c) Importer(815301076,1909f56bfc062723c751e8b465ee728b)  -> (artifact id: 'b3958a6aabc3e91544f8b7646c1cad0f') in 0.007431 seconds
Number of updated asset objects reloaded before import = 0
Number of asset objects unloaded after import = 4
========================================================================
Received Import Request.
  Time since last request: 0.000026 seconds.
  path: Assets/Asset/Versatile Studio Assets/Demo City By Versatile Studio/Materials/building_interior.mat
  artifactKey: Guid(c7040db656dd78e4db434fd7330def51) Importer(815301076,1909f56bfc062723c751e8b465ee728b)
Start importing Assets/Asset/Versatile Studio Assets/Demo City By Versatile Studio/Materials/building_interior.mat using Guid(c7040db656dd78e4db434fd7330def51) Importer(815301076,1909f56bfc062723c751e8b465ee728b)  -> (artifact id: '7c6dd08c7881be03d64e6612d28e79ac') in 0.007426 seconds
Number of updated asset objects reloaded before import = 0
Number of asset objects unloaded after import = 5
========================================================================
Received Import Request.
  Time since last request: 1066.433748 seconds.
  path: Assets/Asset/Versatile Studio Assets/Demo City By Versatile Studio/Materials/asphalt_2_tracks.mat
  artifactKey: Guid(f96faff657ba0a54d8392a93c22371a9) Importer(815301076,1909f56bfc062723c751e8b465ee728b)
Start importing Assets/Asset/Versatile Studio Assets/Demo City By Versatile Studio/Materials/asphalt_2_tracks.mat using Guid(f96faff657ba0a54d8392a93c22371a9) Importer(815301076,1909f56bfc062723c751e8b465ee728b)  -> (artifact id: '78d1748f680fbe139c33231985e09ceb') in 0.866674 seconds
Number of updated asset objects reloaded before import = 0
Number of asset objects unloaded after import = 4
========================================================================
Received Import Request.
  Time since last request: 0.000023 seconds.
  path: Assets/Asset/Versatile Studio Assets/Demo City By Versatile Studio/Materials/highrise_facades.mat
  artifactKey: Guid(c6b94b952e067714f807fc7aeb7cbbc0) Importer(815301076,1909f56bfc062723c751e8b465ee728b)
Start importing Assets/Asset/Versatile Studio Assets/Demo City By Versatile Studio/Materials/highrise_facades.mat using Guid(c6b94b952e067714f807fc7aeb7cbbc0) Importer(815301076,1909f56bfc062723c751e8b465ee728b)  -> (artifact id: '173f5c986f3f4620fa674acc52e5be2c') in 0.482846 seconds
Number of updated asset objects reloaded before import = 0
Number of asset objects unloaded after import = 4
========================================================================
Received Import Request.
  Time since last request: 0.000024 seconds.
  path: Assets/Asset/Versatile Studio Assets/Demo City By Versatile Studio/Materials/building_windows_wet.mat
  artifactKey: Guid(bc2a974a815d4df4d93d36f57a1a66c3) Importer(815301076,1909f56bfc062723c751e8b465ee728b)
Start importing Assets/Asset/Versatile Studio Assets/Demo City By Versatile Studio/Materials/building_windows_wet.mat using Guid(bc2a974a815d4df4d93d36f57a1a66c3) Importer(815301076,1909f56bfc062723c751e8b465ee728b)  -> (artifact id: '17bee3a4d18ac500b4bf9fbdecb89857') in 0.018258 seconds
Number of updated asset objects reloaded before import = 0
Number of asset objects unloaded after import = 3
========================================================================
Received Import Request.
  Time since last request: 0.000024 seconds.
  path: Assets/Asset/Versatile Studio Assets/Demo City By Versatile Studio/Materials/asphalt_extra.mat
  artifactKey: Guid(48bf040ff1590a74782bf0210962cdee) Importer(815301076,1909f56bfc062723c751e8b465ee728b)
Start importing Assets/Asset/Versatile Studio Assets/Demo City By Versatile Studio/Materials/asphalt_extra.mat using Guid(48bf040ff1590a74782bf0210962cdee) Importer(815301076,1909f56bfc062723c751e8b465ee728b)  -> (artifact id: '2a3c1b83254e4e460719bf93d354c4dc') in 0.020342 seconds
Number of updated asset objects reloaded before import = 0
Number of asset objects unloaded after import = 4
========================================================================
Received Import Request.
  Time since last request: 0.000041 seconds.
  path: Assets/Asset/Versatile Studio Assets/Demo City By Versatile Studio/Materials/asphalt_4_tracks.mat
  artifactKey: Guid(3216e81dc42407948a4889aa3c979c6a) Importer(815301076,1909f56bfc062723c751e8b465ee728b)
Start importing Assets/Asset/Versatile Studio Assets/Demo City By Versatile Studio/Materials/asphalt_4_tracks.mat using Guid(3216e81dc42407948a4889aa3c979c6a) Importer(815301076,1909f56bfc062723c751e8b465ee728b)  -> (artifact id: '8858343e8a772413a029f1098b4a9ae5') in 0.021996 seconds
Number of updated asset objects reloaded before import = 0
Number of asset objects unloaded after import = 4
========================================================================
Received Import Request.
  Time since last request: 0.000018 seconds.
  path: Assets/Asset/Versatile Studio Assets/Demo City By Versatile Studio/Materials/building_facades.mat
  artifactKey: Guid(ae52bce8c68a3ea499f06d8068f9ff82) Importer(815301076,1909f56bfc062723c751e8b465ee728b)
Start importing Assets/Asset/Versatile Studio Assets/Demo City By Versatile Studio/Materials/building_facades.mat using Guid(ae52bce8c68a3ea499f06d8068f9ff82) Importer(815301076,1909f56bfc062723c751e8b465ee728b)  -> (artifact id: 'd49f1092a34d3037eb5e06d8c34b5001') in 0.016833 seconds
Number of updated asset objects reloaded before import = 0
Number of asset objects unloaded after import = 3
========================================================================
Received Import Request.
  Time since last request: 0.000018 seconds.
  path: Assets/Asset/Versatile Studio Assets/Demo City By Versatile Studio/Materials/blue_light.mat
  artifactKey: Guid(47791ffc03ec2c64fbd077752860cd51) Importer(815301076,1909f56bfc062723c751e8b465ee728b)
Start importing Assets/Asset/Versatile Studio Assets/Demo City By Versatile Studio/Materials/blue_light.mat using Guid(47791ffc03ec2c64fbd077752860cd51) Importer(815301076,1909f56bfc062723c751e8b465ee728b)  -> (artifact id: '608b26dcb52610ed10e3c6f096724bc1') in 0.532810 seconds
Number of updated asset objects reloaded before import = 0
Number of asset objects unloaded after import = 2
========================================================================
Received Import Request.
  Time since last request: 0.000020 seconds.
  path: Assets/Asset/Versatile Studio Assets/Demo City By Versatile Studio/Models/bench.fbx
  artifactKey: Guid(b5dc924ab0184194c8cdb14e0ba22430) Importer(815301076,1909f56bfc062723c751e8b465ee728b)
Start importing Assets/Asset/Versatile Studio Assets/Demo City By Versatile Studio/Models/bench.fbx using Guid(b5dc924ab0184194c8cdb14e0ba22430) Importer(815301076,1909f56bfc062723c751e8b465ee728b)  -> (artifact id: 'aa4eef4d9c78cabfb2eafe9b4936b237') in 0.022579 seconds
Number of updated asset objects reloaded before import = 0
Number of asset objects unloaded after import = 10
========================================================================
Received Import Request.
  Time since last request: 0.000026 seconds.
  path: Assets/Asset/Versatile Studio Assets/Demo City By Versatile Studio/Models/concrete_block.fbx
  artifactKey: Guid(91cf861da5ac23e4b8487f79a6dfe551) Importer(815301076,1909f56bfc062723c751e8b465ee728b)
Start importing Assets/Asset/Versatile Studio Assets/Demo City By Versatile Studio/Models/concrete_block.fbx using Guid(91cf861da5ac23e4b8487f79a6dfe551) Importer(815301076,1909f56bfc062723c751e8b465ee728b)  -> (artifact id: '435435af31f6996fab11672c51c84b9e') in 0.016109 seconds
Number of updated asset objects reloaded before import = 0
Number of asset objects unloaded after import = 10
========================================================================
Received Import Request.
  Time since last request: 0.000019 seconds.
  path: Assets/Asset/Versatile Studio Assets/Demo City By Versatile Studio/Models/hedge_with_base.fbx
  artifactKey: Guid(8e079575efded7b488ca4313fcf6eeac) Importer(815301076,1909f56bfc062723c751e8b465ee728b)
Start importing Assets/Asset/Versatile Studio Assets/Demo City By Versatile Studio/Models/hedge_with_base.fbx using Guid(8e079575efded7b488ca4313fcf6eeac) Importer(815301076,1909f56bfc062723c751e8b465ee728b)  -> (artifact id: '8bbbd0db4614a0345a535097620d44e1') in 0.016532 seconds
Number of updated asset objects reloaded before import = 0
Number of asset objects unloaded after import = 12
========================================================================
Received Import Request.
  Time since last request: 0.000018 seconds.
  path: Assets/Asset/Versatile Studio Assets/Demo City By Versatile Studio/Models/building_lamp.fbx
  artifactKey: Guid(decc49a5103de784e84ab781e9bf158d) Importer(815301076,1909f56bfc062723c751e8b465ee728b)
Start importing Assets/Asset/Versatile Studio Assets/Demo City By Versatile Studio/Models/building_lamp.fbx using Guid(decc49a5103de784e84ab781e9bf158d) Importer(815301076,1909f56bfc062723c751e8b465ee728b)  -> (artifact id: 'efe614b7960b4755a91053132d5bde8b') in 0.018680 seconds
Number of updated asset objects reloaded before import = 0
Number of asset objects unloaded after import = 11
========================================================================
Received Import Request.
  Time since last request: 0.000018 seconds.
  path: Assets/Asset/Versatile Studio Assets/Demo City By Versatile Studio/Models/factory_building_small_bgr.fbx
  artifactKey: Guid(c08d4447b47b6f44aad8742db6978c9e) Importer(815301076,1909f56bfc062723c751e8b465ee728b)
Start importing Assets/Asset/Versatile Studio Assets/Demo City By Versatile Studio/Models/factory_building_small_bgr.fbx using Guid(c08d4447b47b6f44aad8742db6978c9e) Importer(815301076,1909f56bfc062723c751e8b465ee728b)  -> (artifact id: '6cc1a9a45ce659d1cb48926f218306b0') in 0.031458 seconds
Number of updated asset objects reloaded before import = 0
Number of asset objects unloaded after import = 13
========================================================================
Received Import Request.
  Time since last request: 0.000022 seconds.
  path: Assets/Asset/Versatile Studio Assets/Demo City By Versatile Studio/Models/basement_small.fbx
  artifactKey: Guid(a4e2ff6da4c024245b3cb43a957e260e) Importer(815301076,1909f56bfc062723c751e8b465ee728b)
Start importing Assets/Asset/Versatile Studio Assets/Demo City By Versatile Studio/Models/basement_small.fbx using Guid(a4e2ff6da4c024245b3cb43a957e260e) Importer(815301076,1909f56bfc062723c751e8b465ee728b)  -> (artifact id: '2156bcab1c8ac6017adc4f75c10677a7') in 0.021559 seconds
Number of updated asset objects reloaded before import = 0
Number of asset objects unloaded after import = 13
========================================================================
Received Import Request.
  Time since last request: 0.000020 seconds.
  path: Assets/Asset/Versatile Studio Assets/Demo City By Versatile Studio/Models/factory_building_big_bgr.fbx
  artifactKey: Guid(35b0f1d5aadbd0042aa23a08e76985d0) Importer(815301076,1909f56bfc062723c751e8b465ee728b)
Start importing Assets/Asset/Versatile Studio Assets/Demo City By Versatile Studio/Models/factory_building_big_bgr.fbx using Guid(35b0f1d5aadbd0042aa23a08e76985d0) Importer(815301076,1909f56bfc062723c751e8b465ee728b)  -> (artifact id: '0869a214ac5d9e45294465785d4fb125') in 0.024082 seconds
Number of updated asset objects reloaded before import = 0
Number of asset objects unloaded after import = 13
========================================================================
Received Import Request.
  Time since last request: 0.000022 seconds.
  path: Assets/Asset/Versatile Studio Assets/Demo City By Versatile Studio/Models/factory_building_small.fbx
  artifactKey: Guid(3a9b28f17b9756a47859500720485dfd) Importer(815301076,1909f56bfc062723c751e8b465ee728b)
Start importing Assets/Asset/Versatile Studio Assets/Demo City By Versatile Studio/Models/factory_building_small.fbx using Guid(3a9b28f17b9756a47859500720485dfd) Importer(815301076,1909f56bfc062723c751e8b465ee728b)  -> (artifact id: 'f9031b80f95d3d5b562e57042f74d1d5') in 0.495459 seconds
Number of updated asset objects reloaded before import = 0
Number of asset objects unloaded after import = 20
========================================================================
Received Import Request.
  Time since last request: 0.000019 seconds.
  path: Assets/Asset/Versatile Studio Assets/Demo City By Versatile Studio/Models/basement_mid.fbx
  artifactKey: Guid(29a8981c6f21b6345a1737aa4b906a22) Importer(815301076,1909f56bfc062723c751e8b465ee728b)
Start importing Assets/Asset/Versatile Studio Assets/Demo City By Versatile Studio/Models/basement_mid.fbx using Guid(29a8981c6f21b6345a1737aa4b906a22) Importer(815301076,1909f56bfc062723c751e8b465ee728b)  -> (artifact id: 'ea16d6885534db62ebe4e0fabf923f0f') in 0.019222 seconds
Number of updated asset objects reloaded before import = 0
Number of asset objects unloaded after import = 13
========================================================================
Received Import Request.
  Time since last request: 0.000024 seconds.
  path: Assets/Asset/Versatile Studio Assets/Demo City By Versatile Studio/Materials/building_interior.mat
  artifactKey: Guid(c7040db656dd78e4db434fd7330def51) Importer(815301076,1909f56bfc062723c751e8b465ee728b)
Start importing Assets/Asset/Versatile Studio Assets/Demo City By Versatile Studio/Materials/building_interior.mat using Guid(c7040db656dd78e4db434fd7330def51) Importer(815301076,1909f56bfc062723c751e8b465ee728b)  -> (artifact id: 'df7df616c89a63e90a4c6edda6b2dbd2') in 0.011847 seconds
Number of updated asset objects reloaded before import = 0
Number of asset objects unloaded after import = 4
========================================================================
Received Import Request.
  Time since last request: 0.000019 seconds.
  path: Assets/Asset/Versatile Studio Assets/Demo City By Versatile Studio/Models/factory_chimney-stalk.fbx
  artifactKey: Guid(bd90c18828aee314ca349257d59d1542) Importer(815301076,1909f56bfc062723c751e8b465ee728b)
Start importing Assets/Asset/Versatile Studio Assets/Demo City By Versatile Studio/Models/factory_chimney-stalk.fbx using Guid(bd90c18828aee314ca349257d59d1542) Importer(815301076,1909f56bfc062723c751e8b465ee728b)  -> (artifact id: '5692631a0d24d64e343fff433b5ca1e1') in 0.016184 seconds
Number of updated asset objects reloaded before import = 0
Number of asset objects unloaded after import = 10
========================================================================
Received Import Request.
  Time since last request: 0.000017 seconds.
  path: Assets/Asset/Versatile Studio Assets/Demo City By Versatile Studio/Models/factory_building_big.fbx
  artifactKey: Guid(13faf7475aac74a418597eaf9c203dc8) Importer(815301076,1909f56bfc062723c751e8b465ee728b)
Start importing Assets/Asset/Versatile Studio Assets/Demo City By Versatile Studio/Models/factory_building_big.fbx using Guid(13faf7475aac74a418597eaf9c203dc8) Importer(815301076,1909f56bfc062723c751e8b465ee728b)  -> (artifact id: 'd7ddcf80df28f98e480c5a15ab6d8245') in 0.025664 seconds
Number of updated asset objects reloaded before import = 0
Number of asset objects unloaded after import = 20
========================================================================
Received Import Request.
  Time since last request: 0.623675 seconds.
  path: Assets/Asset/Versatile Studio Assets/Demo City By Versatile Studio/Prefabs/basement_mid.prefab
  artifactKey: Guid(d473e8d2b5b216a40b0bb7617f354548) Importer(815301076,1909f56bfc062723c751e8b465ee728b)
Start importing Assets/Asset/Versatile Studio Assets/Demo City By Versatile Studio/Prefabs/basement_mid.prefab using Guid(d473e8d2b5b216a40b0bb7617f354548) Importer(815301076,1909f56bfc062723c751e8b465ee728b)  -> (artifact id: 'df96adedf9fe6f24ece76ea90ae38381') in 0.017730 seconds
Number of updated asset objects reloaded before import = 0
Number of asset objects unloaded after import = 13
========================================================================
Received Import Request.
  Time since last request: 0.000017 seconds.
  path: Assets/Asset/Versatile Studio Assets/Demo City By Versatile Studio/Prefabs/demo_city_by_versatile_studio.prefab
  artifactKey: Guid(b64e7a25ece19a147b10b35a23680ac3) Importer(815301076,1909f56bfc062723c751e8b465ee728b)
Start importing Assets/Asset/Versatile Studio Assets/Demo City By Versatile Studio/Prefabs/demo_city_by_versatile_studio.prefab using Guid(b64e7a25ece19a147b10b35a23680ac3) Importer(815301076,1909f56bfc062723c751e8b465ee728b)  -> (artifact id: 'c725cca4238370627884fda0a9a61c43') in 0.092429 seconds
Number of updated asset objects reloaded before import = 0
Number of asset objects unloaded after import = 651
========================================================================
Received Import Request.
  Time since last request: 0.000025 seconds.
  path: Assets/Asset/Versatile Studio Assets/Demo City By Versatile Studio/Prefabs/factory_building_big.prefab
  artifactKey: Guid(9bb7d850f09915e418ad6c2416757b9d) Importer(815301076,1909f56bfc062723c751e8b465ee728b)
Start importing Assets/Asset/Versatile Studio Assets/Demo City By Versatile Studio/Prefabs/factory_building_big.prefab using Guid(9bb7d850f09915e418ad6c2416757b9d) Importer(815301076,1909f56bfc062723c751e8b465ee728b)  -> (artifact id: 'ca8068c72f334833a4d27135c76ec866') in 0.022250 seconds
Number of updated asset objects reloaded before import = 0
Number of asset objects unloaded after import = 26
========================================================================
Received Import Request.
  Time since last request: 0.000018 seconds.
  path: Assets/Asset/Versatile Studio Assets/Demo City By Versatile Studio/Prefabs/factory_building_small_bgr.prefab
  artifactKey: Guid(24ad189905c64de479a8a1b241bc7294) Importer(815301076,1909f56bfc062723c751e8b465ee728b)
Start importing Assets/Asset/Versatile Studio Assets/Demo City By Versatile Studio/Prefabs/factory_building_small_bgr.prefab using Guid(24ad189905c64de479a8a1b241bc7294) Importer(815301076,1909f56bfc062723c751e8b465ee728b)  -> (artifact id: '29caebc6d40715dff9d965cc26bc8180') in 0.017066 seconds
Number of updated asset objects reloaded before import = 0
Number of asset objects unloaded after import = 13
========================================================================
Received Import Request.
  Time since last request: 0.000026 seconds.
  path: Assets/Asset/Versatile Studio Assets/Demo City By Versatile Studio/Prefabs/building_lamp_orange.prefab
  artifactKey: Guid(15f5ac9ecdce3de4db7286c24974c77f) Importer(815301076,1909f56bfc062723c751e8b465ee728b)
Start importing Assets/Asset/Versatile Studio Assets/Demo City By Versatile Studio/Prefabs/building_lamp_orange.prefab using Guid(15f5ac9ecdce3de4db7286c24974c77f) Importer(815301076,1909f56bfc062723c751e8b465ee728b)  -> (artifact id: '89b5e8b9dfcd7b5055d92d2f0e8412bd') in 0.011890 seconds
Number of updated asset objects reloaded before import = 0
Number of asset objects unloaded after import = 14
========================================================================
Received Import Request.
  Time since last request: 0.000016 seconds.
  path: Assets/Asset/Versatile Studio Assets/Demo City By Versatile Studio/Prefabs/building_lamp_blue.prefab
  artifactKey: Guid(27bd8f785b4b73940a92ff6fcf04915d) Importer(815301076,1909f56bfc062723c751e8b465ee728b)
Start importing Assets/Asset/Versatile Studio Assets/Demo City By Versatile Studio/Prefabs/building_lamp_blue.prefab using Guid(27bd8f785b4b73940a92ff6fcf04915d) Importer(815301076,1909f56bfc062723c751e8b465ee728b)  -> (artifact id: '1a35254b20d033813e11faf42ee37946') in 0.012631 seconds
Number of updated asset objects reloaded before import = 0
Number of asset objects unloaded after import = 14
========================================================================
Received Import Request.
  Time since last request: 0.000018 seconds.
  path: Assets/Asset/Versatile Studio Assets/Demo City By Versatile Studio/Prefabs/basement_small.prefab
  artifactKey: Guid(46be7acb37544a048be19d11f8a64bfa) Importer(815301076,1909f56bfc062723c751e8b465ee728b)
Start importing Assets/Asset/Versatile Studio Assets/Demo City By Versatile Studio/Prefabs/basement_small.prefab using Guid(46be7acb37544a048be19d11f8a64bfa) Importer(815301076,1909f56bfc062723c751e8b465ee728b)  -> (artifact id: '59b8af6ea74301bc1e91f838cb3e9bb3') in 0.014011 seconds
Number of updated asset objects reloaded before import = 0
Number of asset objects unloaded after import = 13
========================================================================
Received Import Request.
  Time since last request: 0.000027 seconds.
  path: Assets/Asset/Versatile Studio Assets/Demo City By Versatile Studio/Prefabs/building_lamp_white.prefab
  artifactKey: Guid(7d91f14371d9d0340bb71a07cdd260de) Importer(815301076,1909f56bfc062723c751e8b465ee728b)
Start importing Assets/Asset/Versatile Studio Assets/Demo City By Versatile Studio/Prefabs/building_lamp_white.prefab using Guid(7d91f14371d9d0340bb71a07cdd260de) Importer(815301076,1909f56bfc062723c751e8b465ee728b)  -> (artifact id: '931737e4749a969f8d655bf71a669659') in 0.014183 seconds
Number of updated asset objects reloaded before import = 0
Number of asset objects unloaded after import = 14
========================================================================
Received Import Request.
  Time since last request: 0.000023 seconds.
  path: Assets/Asset/Versatile Studio Assets/Demo City By Versatile Studio/Prefabs/factory_building_big_bgr.prefab
  artifactKey: Guid(03571863373bf8641ba55aa179965d64) Importer(815301076,1909f56bfc062723c751e8b465ee728b)
Start importing Assets/Asset/Versatile Studio Assets/Demo City By Versatile Studio/Prefabs/factory_building_big_bgr.prefab using Guid(03571863373bf8641ba55aa179965d64) Importer(815301076,1909f56bfc062723c751e8b465ee728b)  -> (artifact id: 'f4034dc419c911574ba007df883a3249') in 0.012815 seconds
Number of updated asset objects reloaded before import = 0
Number of asset objects unloaded after import = 13
========================================================================
Received Import Request.
  Time since last request: 0.000017 seconds.
  path: Assets/Asset/Versatile Studio Assets/Demo City By Versatile Studio/Prefabs/bench.prefab
  artifactKey: Guid(e3cdcd01b3ecc3b4da788a3ff03a9e28) Importer(815301076,1909f56bfc062723c751e8b465ee728b)
Start importing Assets/Asset/Versatile Studio Assets/Demo City By Versatile Studio/Prefabs/bench.prefab using Guid(e3cdcd01b3ecc3b4da788a3ff03a9e28) Importer(815301076,1909f56bfc062723c751e8b465ee728b)  -> (artifact id: '51f2382f57ef81b5c7ec4f828ffb1e53') in 0.016452 seconds
Number of updated asset objects reloaded before import = 0
Number of asset objects unloaded after import = 10
========================================================================
Received Import Request.
  Time since last request: 0.000018 seconds.
  path: Assets/Asset/Versatile Studio Assets/Demo City By Versatile Studio/Prefabs/concrete_block.prefab
  artifactKey: Guid(7b26d246ced93914e80d1cdf3d152a53) Importer(815301076,1909f56bfc062723c751e8b465ee728b)
Start importing Assets/Asset/Versatile Studio Assets/Demo City By Versatile Studio/Prefabs/concrete_block.prefab using Guid(7b26d246ced93914e80d1cdf3d152a53) Importer(815301076,1909f56bfc062723c751e8b465ee728b)  -> (artifact id: 'b2529491c3af3eb0db4cdaa00d89570d') in 0.015145 seconds
Number of updated asset objects reloaded before import = 0
Number of asset objects unloaded after import = 10
========================================================================
Received Import Request.
  Time since last request: 5.690424 seconds.
  path: Assets/Asset/Versatile Studio Assets/Demo City By Versatile Studio/Textures/asphalt_2-5_tracks_nm.png
  artifactKey: Guid(f94bca02a2ea0f748a1550b812b190e5) Importer(815301076,1909f56bfc062723c751e8b465ee728b)
Start importing Assets/Asset/Versatile Studio Assets/Demo City By Versatile Studio/Textures/asphalt_2-5_tracks_nm.png using Guid(f94bca02a2ea0f748a1550b812b190e5) Importer(815301076,1909f56bfc062723c751e8b465ee728b)  -> (artifact id: '8f01b2d98c4deac8c52157e19d83dc39') in 0.058566 seconds
Number of updated asset objects reloaded before import = 0
Number of asset objects unloaded after import = 2
========================================================================
Received Import Request.
  Time since last request: 0.000017 seconds.
  path: Assets/Asset/Versatile Studio Assets/Demo City By Versatile Studio/Textures/asphalt_4_tracks.png
  artifactKey: Guid(ec737a25d469efb46a04424a34accbd3) Importer(815301076,1909f56bfc062723c751e8b465ee728b)
Start importing Assets/Asset/Versatile Studio Assets/Demo City By Versatile Studio/Textures/asphalt_4_tracks.png using Guid(ec737a25d469efb46a04424a34accbd3) Importer(815301076,1909f56bfc062723c751e8b465ee728b)  -> (artifact id: '339b3c167a730fee4998606674d75840') in 0.033751 seconds
Number of updated asset objects reloaded before import = 0
Number of asset objects unloaded after import = 2
========================================================================
Received Import Request.
  Time since last request: 0.000020 seconds.
  path: Assets/Asset/Versatile Studio Assets/Demo City By Versatile Studio/Textures/asphalt_highway_nm.png
  artifactKey: Guid(adb98b8a6445d6f4eab5d5fe1822c50a) Importer(815301076,1909f56bfc062723c751e8b465ee728b)
Start importing Assets/Asset/Versatile Studio Assets/Demo City By Versatile Studio/Textures/asphalt_highway_nm.png using Guid(adb98b8a6445d6f4eab5d5fe1822c50a) Importer(815301076,1909f56bfc062723c751e8b465ee728b)  -> (artifact id: 'ee62a4ad62295422eaf70c5647343103') in 0.028433 seconds
Number of updated asset objects reloaded before import = 0
Number of asset objects unloaded after import = 2
========================================================================
Received Import Request.
  Time since last request: 0.000027 seconds.
  path: Assets/Asset/Versatile Studio Assets/Demo City By Versatile Studio/Textures/asphalt_4_tracks_oc.png
  artifactKey: Guid(b969d0dc22f81db488bd9863d7241168) Importer(815301076,1909f56bfc062723c751e8b465ee728b)
Start importing Assets/Asset/Versatile Studio Assets/Demo City By Versatile Studio/Textures/asphalt_4_tracks_oc.png using Guid(b969d0dc22f81db488bd9863d7241168) Importer(815301076,1909f56bfc062723c751e8b465ee728b)  -> (artifact id: '5c2211be6fcb61279ac6c8d73ec3bfe2') in 0.026005 seconds
Number of updated asset objects reloaded before import = 0
Number of asset objects unloaded after import = 2
========================================================================
Received Import Request.
  Time since last request: 0.000015 seconds.
  path: Assets/Asset/Versatile Studio Assets/Demo City By Versatile Studio/Textures/asphalt_2_tracks_oc.png
  artifactKey: Guid(42c5e076ff42bd1469c4a4633491fda5) Importer(815301076,1909f56bfc062723c751e8b465ee728b)
Start importing Assets/Asset/Versatile Studio Assets/Demo City By Versatile Studio/Textures/asphalt_2_tracks_oc.png using Guid(42c5e076ff42bd1469c4a4633491fda5) Importer(815301076,1909f56bfc062723c751e8b465ee728b)  -> (artifact id: '75f116a5ea7191401c2fca42f59d156e') in 0.029629 seconds
Number of updated asset objects reloaded before import = 0
Number of asset objects unloaded after import = 2
========================================================================
Received Import Request.
  Time since last request: 0.000016 seconds.
  path: Assets/Asset/Versatile Studio Assets/Demo City By Versatile Studio/Textures/asphalt_4_tracks_nm.png
  artifactKey: Guid(5ee7d769b5b730f48b8cb9dec69b64fb) Importer(815301076,1909f56bfc062723c751e8b465ee728b)
Start importing Assets/Asset/Versatile Studio Assets/Demo City By Versatile Studio/Textures/asphalt_4_tracks_nm.png using Guid(5ee7d769b5b730f48b8cb9dec69b64fb) Importer(815301076,1909f56bfc062723c751e8b465ee728b)  -> (artifact id: '2b66370da22efbc2f5b16203aedd42b2') in 0.016166 seconds
Number of updated asset objects reloaded before import = 0
Number of asset objects unloaded after import = 2
========================================================================
Received Import Request.
  Time since last request: 0.000019 seconds.
  path: Assets/Asset/Versatile Studio Assets/Demo City By Versatile Studio/Textures/asphalt_highway.png
  artifactKey: Guid(daf1e92c0326ff746956666cff7510e1) Importer(815301076,1909f56bfc062723c751e8b465ee728b)
Start importing Assets/Asset/Versatile Studio Assets/Demo City By Versatile Studio/Textures/asphalt_highway.png using Guid(daf1e92c0326ff746956666cff7510e1) Importer(815301076,1909f56bfc062723c751e8b465ee728b)  -> (artifact id: 'c6e4c8266cb3067ab2b7940ab3a8ee41') in 0.010788 seconds
Number of updated asset objects reloaded before import = 0
Number of asset objects unloaded after import = 2
Editor requested this worker to shutdown with reason: Scaling down because of idle timeout
TcpMessagingSession - receive error: operation aborted. errorcode: 995, details: 스레드 종료 또는 응용 프로그램 요청 때문에 I/O 작업이 취소되었습니다.
AssetImportWorker is now disconnected from the server
Process exiting
Exiting without the bug reporter. Application will terminate with return code 0